2024-04-13 22:17:46,250 - INFO - Running on host: Francks-MacBook-Pro.local
2024-04-13 22:17:46,250 - INFO - Tuning on CPU server
2024-04-13 22:17:46,251 - INFO - CPU Name: i386
2024-04-13 22:17:46,251 - INFO - CPU Cores: 8
2024-04-13 22:17:46,251 - INFO - CURRENT PATH IS: /Users/messou/PycharmProjects/TimeSeriesForecasting/src
2024-04-13 22:17:46,251 - INFO - model_group: 5 |||| model_types: ['CNN-Attention-LSTM-based', 'CNN-Attention-GRU-based', 'CNN-Attention-BiLSTM-based', 'CNN-Attention-BiGRU-based']
2024-04-13 22:17:46,251 - INFO - Training with series_type=apartment | look_back=7 | forecast_period=1
2024-04-13 22:17:46,408 - INFO - 
**************************************************************
** CNN-Attention-LSTM-based
**************************************************************
2024-04-13 22:17:46,408 - INFO - LOADING  PATH 📌📌📌  ./output-cpu/electricity/hyperband/CNN-Attention-LSTM-based/best_params.json  📌📌📌
2024-04-13 22:17:46,409 - INFO - Best params loaded: {'lr': 0.001, 'optimizer': 'Adam', 'l1_regularizer': 0.0001, 'l2_regularizer': 1e-05, 'min_delta': 1e-08, 'patience': 45, 'batch_size': 96, 'filters': 128, 'kernel_size': 2, 'pool_size': 1, 'num_cnn_layers': 2, 'num_lstm_layers': 2, 'lstm_units': 150, 'dropout': 0.1, 'activation': 'ReLU', 'processing_time': '30.47 min'}
2024-04-13 22:19:02,896 - INFO - [-----MODEL METRICS-----]

2024-04-13 22:19:02,896 - INFO - [-----MSE: 0.010552-----]

2024-04-13 22:19:02,896 - INFO - [-----MAE: 0.075306-----]

2024-04-13 22:19:02,896 - INFO - [-----RMSE: 0.102725-----]

2024-04-13 22:19:02,896 - INFO - [-----MAPE: 0.365657-----]

2024-04-13 22:19:02,896 - INFO - Model: CNN-Attention-LSTM-based-('augmented', 'multivariate'), Look Back: 7, Forecast Day: 1,  Period: 1d, MSE: 0.010552, MAE: 0.075306, RMSE: 0.102725, MAPE: 0.365657
2024-04-13 22:19:13,672 - INFO - Training with series_type=apartment | look_back=7 | forecast_period=2
2024-04-13 22:19:13,782 - INFO - 
**************************************************************
** CNN-Attention-LSTM-based
**************************************************************
2024-04-13 22:19:13,782 - INFO - LOADING  PATH 📌📌📌  ./output-cpu/electricity/hyperband/CNN-Attention-LSTM-based/best_params.json  📌📌📌
2024-04-13 22:19:13,783 - INFO - Best params loaded: {'lr': 0.001, 'optimizer': 'Adam', 'l1_regularizer': 0.0001, 'l2_regularizer': 1e-05, 'min_delta': 1e-08, 'patience': 45, 'batch_size': 96, 'filters': 128, 'kernel_size': 2, 'pool_size': 1, 'num_cnn_layers': 2, 'num_lstm_layers': 2, 'lstm_units': 150, 'dropout': 0.1, 'activation': 'ReLU', 'processing_time': '30.47 min'}
2024-04-13 22:20:09,664 - INFO - [-----MODEL METRICS-----]

2024-04-13 22:20:09,664 - INFO - [-----MSE: 0.00684-----]

2024-04-13 22:20:09,665 - INFO - [-----MAE: 0.057102-----]

2024-04-13 22:20:09,665 - INFO - [-----RMSE: 0.082702-----]

2024-04-13 22:20:09,665 - INFO - [-----MAPE: 0.258639-----]

2024-04-13 22:20:09,665 - INFO - Model: CNN-Attention-LSTM-based-('augmented', 'multivariate'), Look Back: 7, Forecast Day: 2,  Period: 1d, MSE: 0.00684, MAE: 0.057102, RMSE: 0.082702, MAPE: 0.258639
2024-04-13 22:20:20,163 - INFO - Training with series_type=apartment | look_back=7 | forecast_period=3
2024-04-13 22:20:20,249 - INFO - 
**************************************************************
** CNN-Attention-LSTM-based
**************************************************************
2024-04-13 22:20:20,249 - INFO - LOADING  PATH 📌📌📌  ./output-cpu/electricity/hyperband/CNN-Attention-LSTM-based/best_params.json  📌📌📌
2024-04-13 22:20:20,250 - INFO - Best params loaded: {'lr': 0.001, 'optimizer': 'Adam', 'l1_regularizer': 0.0001, 'l2_regularizer': 1e-05, 'min_delta': 1e-08, 'patience': 45, 'batch_size': 96, 'filters': 128, 'kernel_size': 2, 'pool_size': 1, 'num_cnn_layers': 2, 'num_lstm_layers': 2, 'lstm_units': 150, 'dropout': 0.1, 'activation': 'ReLU', 'processing_time': '30.47 min'}
2024-04-13 22:21:10,153 - INFO - [-----MODEL METRICS-----]

2024-04-13 22:21:10,153 - INFO - [-----MSE: 0.00953-----]

2024-04-13 22:21:10,153 - INFO - [-----MAE: 0.065398-----]

2024-04-13 22:21:10,153 - INFO - [-----RMSE: 0.097516-----]

2024-04-13 22:21:10,153 - INFO - [-----MAPE: 0.313766-----]

2024-04-13 22:21:10,153 - INFO - Model: CNN-Attention-LSTM-based-('augmented', 'multivariate'), Look Back: 7, Forecast Day: 3,  Period: 1d, MSE: 0.00953, MAE: 0.065398, RMSE: 0.097516, MAPE: 0.313766
2024-04-13 22:21:20,762 - INFO - Training with series_type=apartment | look_back=7 | forecast_period=4
2024-04-13 22:21:20,886 - INFO - 
**************************************************************
** CNN-Attention-LSTM-based
**************************************************************
2024-04-13 22:21:20,886 - INFO - LOADING  PATH 📌📌📌  ./output-cpu/electricity/hyperband/CNN-Attention-LSTM-based/best_params.json  📌📌📌
2024-04-13 22:21:20,886 - INFO - Best params loaded: {'lr': 0.001, 'optimizer': 'Adam', 'l1_regularizer': 0.0001, 'l2_regularizer': 1e-05, 'min_delta': 1e-08, 'patience': 45, 'batch_size': 96, 'filters': 128, 'kernel_size': 2, 'pool_size': 1, 'num_cnn_layers': 2, 'num_lstm_layers': 2, 'lstm_units': 150, 'dropout': 0.1, 'activation': 'ReLU', 'processing_time': '30.47 min'}
2024-04-13 22:22:18,111 - INFO - [-----MODEL METRICS-----]

2024-04-13 22:22:18,111 - INFO - [-----MSE: 0.010248-----]

2024-04-13 22:22:18,111 - INFO - [-----MAE: 0.070781-----]

2024-04-13 22:22:18,111 - INFO - [-----RMSE: 0.101199-----]

2024-04-13 22:22:18,111 - INFO - [-----MAPE: 0.304558-----]

2024-04-13 22:22:18,111 - INFO - Model: CNN-Attention-LSTM-based-('augmented', 'multivariate'), Look Back: 7, Forecast Day: 4,  Period: 1d, MSE: 0.010248, MAE: 0.070781, RMSE: 0.101199, MAPE: 0.304558
2024-04-13 22:22:28,709 - INFO - Training with series_type=apartment | look_back=7 | forecast_period=5
2024-04-13 22:22:28,817 - INFO - 
**************************************************************
** CNN-Attention-LSTM-based
**************************************************************
2024-04-13 22:22:28,817 - INFO - LOADING  PATH 📌📌📌  ./output-cpu/electricity/hyperband/CNN-Attention-LSTM-based/best_params.json  📌📌📌
2024-04-13 22:22:28,818 - INFO - Best params loaded: {'lr': 0.001, 'optimizer': 'Adam', 'l1_regularizer': 0.0001, 'l2_regularizer': 1e-05, 'min_delta': 1e-08, 'patience': 45, 'batch_size': 96, 'filters': 128, 'kernel_size': 2, 'pool_size': 1, 'num_cnn_layers': 2, 'num_lstm_layers': 2, 'lstm_units': 150, 'dropout': 0.1, 'activation': 'ReLU', 'processing_time': '30.47 min'}
2024-04-13 22:23:15,218 - INFO - [-----MODEL METRICS-----]

2024-04-13 22:23:15,219 - INFO - [-----MSE: 0.010859-----]

2024-04-13 22:23:15,219 - INFO - [-----MAE: 0.069716-----]

2024-04-13 22:23:15,219 - INFO - [-----RMSE: 0.103919-----]

2024-04-13 22:23:15,219 - INFO - [-----MAPE: 0.274921-----]

2024-04-13 22:23:15,219 - INFO - Model: CNN-Attention-LSTM-based-('augmented', 'multivariate'), Look Back: 7, Forecast Day: 5,  Period: 1d, MSE: 0.010859, MAE: 0.069716, RMSE: 0.103919, MAPE: 0.274921
2024-04-13 22:23:25,813 - INFO - Training with series_type=apartment | look_back=7 | forecast_period=6
2024-04-13 22:23:25,922 - INFO - 
**************************************************************
** CNN-Attention-LSTM-based
**************************************************************
2024-04-13 22:23:25,922 - INFO - LOADING  PATH 📌📌📌  ./output-cpu/electricity/hyperband/CNN-Attention-LSTM-based/best_params.json  📌📌📌
2024-04-13 22:23:25,924 - INFO - Best params loaded: {'lr': 0.001, 'optimizer': 'Adam', 'l1_regularizer': 0.0001, 'l2_regularizer': 1e-05, 'min_delta': 1e-08, 'patience': 45, 'batch_size': 96, 'filters': 128, 'kernel_size': 2, 'pool_size': 1, 'num_cnn_layers': 2, 'num_lstm_layers': 2, 'lstm_units': 150, 'dropout': 0.1, 'activation': 'ReLU', 'processing_time': '30.47 min'}
2024-04-13 22:24:19,804 - INFO - [-----MODEL METRICS-----]

2024-04-13 22:24:19,804 - INFO - [-----MSE: 0.011445-----]

2024-04-13 22:24:19,804 - INFO - [-----MAE: 0.074285-----]

2024-04-13 22:24:19,805 - INFO - [-----RMSE: 0.106908-----]

2024-04-13 22:24:19,805 - INFO - [-----MAPE: 0.346495-----]

2024-04-13 22:24:19,805 - INFO - Model: CNN-Attention-LSTM-based-('augmented', 'multivariate'), Look Back: 7, Forecast Day: 6,  Period: 1d, MSE: 0.011445, MAE: 0.074285, RMSE: 0.106908, MAPE: 0.346495
2024-04-13 22:24:30,407 - INFO - Training with series_type=apartment | look_back=7 | forecast_period=7
2024-04-13 22:24:30,511 - INFO - 
**************************************************************
** CNN-Attention-LSTM-based
**************************************************************
2024-04-13 22:24:30,511 - INFO - LOADING  PATH 📌📌📌  ./output-cpu/electricity/hyperband/CNN-Attention-LSTM-based/best_params.json  📌📌📌
2024-04-13 22:24:30,512 - INFO - Best params loaded: {'lr': 0.001, 'optimizer': 'Adam', 'l1_regularizer': 0.0001, 'l2_regularizer': 1e-05, 'min_delta': 1e-08, 'patience': 45, 'batch_size': 96, 'filters': 128, 'kernel_size': 2, 'pool_size': 1, 'num_cnn_layers': 2, 'num_lstm_layers': 2, 'lstm_units': 150, 'dropout': 0.1, 'activation': 'ReLU', 'processing_time': '30.47 min'}
2024-04-13 22:25:12,890 - INFO - [-----MODEL METRICS-----]

2024-04-13 22:25:12,890 - INFO - [-----MSE: 0.0124-----]

2024-04-13 22:25:12,890 - INFO - [-----MAE: 0.072344-----]

2024-04-13 22:25:12,890 - INFO - [-----RMSE: 0.111093-----]

2024-04-13 22:25:12,890 - INFO - [-----MAPE: 0.294094-----]

2024-04-13 22:25:12,890 - INFO - Model: CNN-Attention-LSTM-based-('augmented', 'multivariate'), Look Back: 7, Forecast Day: 7,  Period: 1d, MSE: 0.0124, MAE: 0.072344, RMSE: 0.111093, MAPE: 0.294094
2024-04-13 22:25:23,522 - INFO - Training with series_type=apartment | look_back=7 | forecast_period=1
2024-04-13 22:25:23,626 - INFO - 
**************************************************************
** CNN-Attention-GRU-based
**************************************************************
2024-04-13 22:25:23,626 - INFO - LOADING  PATH 📌📌📌  ./output-cpu/electricity/hyperband/CNN-Attention-GRU-based/best_params.json  📌📌📌
2024-04-13 22:25:23,627 - INFO - Best params loaded: {'lr': 0.001, 'optimizer': 'Adam', 'l1_regularizer': 0.0001, 'l2_regularizer': 0.0001, 'min_delta': 1e-08, 'patience': 50, 'batch_size': 96, 'filters': 128, 'kernel_size': 2, 'pool_size': 1, 'num_cnn_layers': 2, 'num_gru_layers': 2, 'gru_units': 100, 'dropout': 0.2, 'activation': 'ReLU', 'processing_time': '38.32 min'}
2024-04-13 22:26:10,414 - INFO - [-----MODEL METRICS-----]

2024-04-13 22:26:10,414 - INFO - [-----MSE: 0.012611-----]

2024-04-13 22:26:10,415 - INFO - [-----MAE: 0.083437-----]

2024-04-13 22:26:10,415 - INFO - [-----RMSE: 0.112299-----]

2024-04-13 22:26:10,415 - INFO - [-----MAPE: 0.402584-----]

2024-04-13 22:26:10,415 - INFO - Model: CNN-Attention-GRU-based-('augmented', 'multivariate'), Look Back: 7, Forecast Day: 1,  Period: 1d, MSE: 0.012611, MAE: 0.083437, RMSE: 0.112299, MAPE: 0.402584
2024-04-13 22:26:21,044 - INFO - Training with series_type=apartment | look_back=7 | forecast_period=2
2024-04-13 22:26:21,146 - INFO - 
**************************************************************
** CNN-Attention-GRU-based
**************************************************************
2024-04-13 22:26:21,146 - INFO - LOADING  PATH 📌📌📌  ./output-cpu/electricity/hyperband/CNN-Attention-GRU-based/best_params.json  📌📌📌
2024-04-13 22:26:21,146 - INFO - Best params loaded: {'lr': 0.001, 'optimizer': 'Adam', 'l1_regularizer': 0.0001, 'l2_regularizer': 0.0001, 'min_delta': 1e-08, 'patience': 50, 'batch_size': 96, 'filters': 128, 'kernel_size': 2, 'pool_size': 1, 'num_cnn_layers': 2, 'num_gru_layers': 2, 'gru_units': 100, 'dropout': 0.2, 'activation': 'ReLU', 'processing_time': '38.32 min'}
2024-04-13 22:26:50,178 - INFO - [-----MODEL METRICS-----]

2024-04-13 22:26:50,178 - INFO - [-----MSE: 0.007665-----]

2024-04-13 22:26:50,178 - INFO - [-----MAE: 0.065483-----]

2024-04-13 22:26:50,178 - INFO - [-----RMSE: 0.087374-----]

2024-04-13 22:26:50,178 - INFO - [-----MAPE: 0.264812-----]

2024-04-13 22:26:50,178 - INFO - Model: CNN-Attention-GRU-based-('augmented', 'multivariate'), Look Back: 7, Forecast Day: 2,  Period: 1d, MSE: 0.007665, MAE: 0.065483, RMSE: 0.087374, MAPE: 0.264812
2024-04-13 22:27:00,633 - INFO - Training with series_type=apartment | look_back=7 | forecast_period=3
2024-04-13 22:27:00,726 - INFO - 
**************************************************************
** CNN-Attention-GRU-based
**************************************************************
2024-04-13 22:27:00,726 - INFO - LOADING  PATH 📌📌📌  ./output-cpu/electricity/hyperband/CNN-Attention-GRU-based/best_params.json  📌📌📌
2024-04-13 22:27:00,727 - INFO - Best params loaded: {'lr': 0.001, 'optimizer': 'Adam', 'l1_regularizer': 0.0001, 'l2_regularizer': 0.0001, 'min_delta': 1e-08, 'patience': 50, 'batch_size': 96, 'filters': 128, 'kernel_size': 2, 'pool_size': 1, 'num_cnn_layers': 2, 'num_gru_layers': 2, 'gru_units': 100, 'dropout': 0.2, 'activation': 'ReLU', 'processing_time': '38.32 min'}
2024-04-13 22:27:27,888 - INFO - [-----MODEL METRICS-----]

2024-04-13 22:27:27,888 - INFO - [-----MSE: 0.009257-----]

2024-04-13 22:27:27,888 - INFO - [-----MAE: 0.066033-----]

2024-04-13 22:27:27,888 - INFO - [-----RMSE: 0.096171-----]

2024-04-13 22:27:27,888 - INFO - [-----MAPE: 0.282779-----]

2024-04-13 22:27:27,888 - INFO - Model: CNN-Attention-GRU-based-('augmented', 'multivariate'), Look Back: 7, Forecast Day: 3,  Period: 1d, MSE: 0.009257, MAE: 0.066033, RMSE: 0.096171, MAPE: 0.282779
2024-04-13 22:27:38,334 - INFO - Training with series_type=apartment | look_back=7 | forecast_period=4
2024-04-13 22:27:38,422 - INFO - 
**************************************************************
** CNN-Attention-GRU-based
**************************************************************
2024-04-13 22:27:38,422 - INFO - LOADING  PATH 📌📌📌  ./output-cpu/electricity/hyperband/CNN-Attention-GRU-based/best_params.json  📌📌📌
2024-04-13 22:27:38,422 - INFO - Best params loaded: {'lr': 0.001, 'optimizer': 'Adam', 'l1_regularizer': 0.0001, 'l2_regularizer': 0.0001, 'min_delta': 1e-08, 'patience': 50, 'batch_size': 96, 'filters': 128, 'kernel_size': 2, 'pool_size': 1, 'num_cnn_layers': 2, 'num_gru_layers': 2, 'gru_units': 100, 'dropout': 0.2, 'activation': 'ReLU', 'processing_time': '38.32 min'}
2024-04-13 22:27:54,673 - INFO - [-----MODEL METRICS-----]

2024-04-13 22:27:54,673 - INFO - [-----MSE: 0.007998-----]

2024-04-13 22:27:54,673 - INFO - [-----MAE: 0.060601-----]

2024-04-13 22:27:54,673 - INFO - [-----RMSE: 0.089376-----]

2024-04-13 22:27:54,673 - INFO - [-----MAPE: 0.275483-----]

2024-04-13 22:27:54,673 - INFO - Model: CNN-Attention-GRU-based-('augmented', 'multivariate'), Look Back: 7, Forecast Day: 4,  Period: 1d, MSE: 0.007998, MAE: 0.060601, RMSE: 0.089376, MAPE: 0.275483
2024-04-13 22:28:05,117 - INFO - Training with series_type=apartment | look_back=7 | forecast_period=5
2024-04-13 22:28:05,192 - INFO - 
**************************************************************
** CNN-Attention-GRU-based
**************************************************************
2024-04-13 22:28:05,192 - INFO - LOADING  PATH 📌📌📌  ./output-cpu/electricity/hyperband/CNN-Attention-GRU-based/best_params.json  📌📌📌
2024-04-13 22:28:05,192 - INFO - Best params loaded: {'lr': 0.001, 'optimizer': 'Adam', 'l1_regularizer': 0.0001, 'l2_regularizer': 0.0001, 'min_delta': 1e-08, 'patience': 50, 'batch_size': 96, 'filters': 128, 'kernel_size': 2, 'pool_size': 1, 'num_cnn_layers': 2, 'num_gru_layers': 2, 'gru_units': 100, 'dropout': 0.2, 'activation': 'ReLU', 'processing_time': '38.32 min'}
2024-04-13 22:28:27,351 - INFO - [-----MODEL METRICS-----]

2024-04-13 22:28:27,352 - INFO - [-----MSE: 0.01171-----]

2024-04-13 22:28:27,352 - INFO - [-----MAE: 0.074135-----]

2024-04-13 22:28:27,352 - INFO - [-----RMSE: 0.108199-----]

2024-04-13 22:28:27,352 - INFO - [-----MAPE: 0.286376-----]

2024-04-13 22:28:27,352 - INFO - Model: CNN-Attention-GRU-based-('augmented', 'multivariate'), Look Back: 7, Forecast Day: 5,  Period: 1d, MSE: 0.01171, MAE: 0.074135, RMSE: 0.108199, MAPE: 0.286376
2024-04-13 22:28:37,829 - INFO - Training with series_type=apartment | look_back=7 | forecast_period=6
2024-04-13 22:28:37,916 - INFO - 
**************************************************************
** CNN-Attention-GRU-based
**************************************************************
2024-04-13 22:28:37,916 - INFO - LOADING  PATH 📌📌📌  ./output-cpu/electricity/hyperband/CNN-Attention-GRU-based/best_params.json  📌📌📌
2024-04-13 22:28:37,916 - INFO - Best params loaded: {'lr': 0.001, 'optimizer': 'Adam', 'l1_regularizer': 0.0001, 'l2_regularizer': 0.0001, 'min_delta': 1e-08, 'patience': 50, 'batch_size': 96, 'filters': 128, 'kernel_size': 2, 'pool_size': 1, 'num_cnn_layers': 2, 'num_gru_layers': 2, 'gru_units': 100, 'dropout': 0.2, 'activation': 'ReLU', 'processing_time': '38.32 min'}
2024-04-13 22:29:03,930 - INFO - [-----MODEL METRICS-----]

2024-04-13 22:29:03,930 - INFO - [-----MSE: 0.009447-----]

2024-04-13 22:29:03,930 - INFO - [-----MAE: 0.072163-----]

2024-04-13 22:29:03,930 - INFO - [-----RMSE: 0.097185-----]

2024-04-13 22:29:03,931 - INFO - [-----MAPE: 0.294633-----]

2024-04-13 22:29:03,931 - INFO - Model: CNN-Attention-GRU-based-('augmented', 'multivariate'), Look Back: 7, Forecast Day: 6,  Period: 1d, MSE: 0.009447, MAE: 0.072163, RMSE: 0.097185, MAPE: 0.294633
2024-04-13 22:29:14,403 - INFO - Training with series_type=apartment | look_back=7 | forecast_period=7
2024-04-13 22:29:14,470 - INFO - 
**************************************************************
** CNN-Attention-GRU-based
**************************************************************
2024-04-13 22:29:14,470 - INFO - LOADING  PATH 📌📌📌  ./output-cpu/electricity/hyperband/CNN-Attention-GRU-based/best_params.json  📌📌📌
2024-04-13 22:29:14,470 - INFO - Best params loaded: {'lr': 0.001, 'optimizer': 'Adam', 'l1_regularizer': 0.0001, 'l2_regularizer': 0.0001, 'min_delta': 1e-08, 'patience': 50, 'batch_size': 96, 'filters': 128, 'kernel_size': 2, 'pool_size': 1, 'num_cnn_layers': 2, 'num_gru_layers': 2, 'gru_units': 100, 'dropout': 0.2, 'activation': 'ReLU', 'processing_time': '38.32 min'}
2024-04-13 22:29:42,042 - INFO - [-----MODEL METRICS-----]

2024-04-13 22:29:42,043 - INFO - [-----MSE: 0.011982-----]

2024-04-13 22:29:42,043 - INFO - [-----MAE: 0.075933-----]

2024-04-13 22:29:42,043 - INFO - [-----RMSE: 0.109211-----]

2024-04-13 22:29:42,044 - INFO - [-----MAPE: 0.308438-----]

2024-04-13 22:29:42,044 - INFO - Model: CNN-Attention-GRU-based-('augmented', 'multivariate'), Look Back: 7, Forecast Day: 7,  Period: 1d, MSE: 0.011982, MAE: 0.075933, RMSE: 0.109211, MAPE: 0.308438
2024-04-13 22:29:52,581 - INFO - Training with series_type=apartment | look_back=7 | forecast_period=1
2024-04-13 22:29:52,671 - INFO - 
**************************************************************
** CNN-Attention-BiLSTM-based
**************************************************************
2024-04-13 22:29:52,671 - INFO - LOADING  PATH 📌📌📌  ./output-cpu/electricity/hyperband/CNN-Attention-BiLSTM-based/best_params.json  📌📌📌
2024-04-13 22:29:52,671 - INFO - Best params loaded: {'lr': 0.001, 'optimizer': 'Adam', 'l1_regularizer': 1e-05, 'l2_regularizer': 0.0001, 'min_delta': 1e-08, 'patience': 45, 'batch_size': 96, 'filters': 128, 'kernel_size': 3, 'pool_size': 1, 'num_cnn_layers': 2, 'num_bilstm_layers': 2, 'bilstm_units': 150, 'dropout': 0.2, 'activation': 'ReLU', 'processing_time': '38.89 min'}
2024-04-13 22:31:07,656 - INFO - [-----MODEL METRICS-----]

2024-04-13 22:31:07,657 - INFO - [-----MSE: 0.016815-----]

2024-04-13 22:31:07,657 - INFO - [-----MAE: 0.091424-----]

2024-04-13 22:31:07,657 - INFO - [-----RMSE: 0.129671-----]

2024-04-13 22:31:07,657 - INFO - [-----MAPE: 0.354177-----]

2024-04-13 22:31:07,658 - INFO - Model: CNN-Attention-BiLSTM-based-('augmented', 'multivariate'), Look Back: 7, Forecast Day: 1,  Period: 1d, MSE: 0.016815, MAE: 0.091424, RMSE: 0.129671, MAPE: 0.354177
2024-04-13 22:31:18,155 - INFO - Training with series_type=apartment | look_back=7 | forecast_period=2
2024-04-13 22:31:18,247 - INFO - 
**************************************************************
** CNN-Attention-BiLSTM-based
**************************************************************
2024-04-13 22:31:18,247 - INFO - LOADING  PATH 📌📌📌  ./output-cpu/electricity/hyperband/CNN-Attention-BiLSTM-based/best_params.json  📌📌📌
2024-04-13 22:31:18,247 - INFO - Best params loaded: {'lr': 0.001, 'optimizer': 'Adam', 'l1_regularizer': 1e-05, 'l2_regularizer': 0.0001, 'min_delta': 1e-08, 'patience': 45, 'batch_size': 96, 'filters': 128, 'kernel_size': 3, 'pool_size': 1, 'num_cnn_layers': 2, 'num_bilstm_layers': 2, 'bilstm_units': 150, 'dropout': 0.2, 'activation': 'ReLU', 'processing_time': '38.89 min'}
2024-04-13 22:32:28,368 - INFO - [-----MODEL METRICS-----]

2024-04-13 22:32:28,369 - INFO - [-----MSE: 0.005916-----]

2024-04-13 22:32:28,369 - INFO - [-----MAE: 0.051267-----]

2024-04-13 22:32:28,369 - INFO - [-----RMSE: 0.076856-----]

2024-04-13 22:32:28,369 - INFO - [-----MAPE: 0.244729-----]

2024-04-13 22:32:28,369 - INFO - Model: CNN-Attention-BiLSTM-based-('augmented', 'multivariate'), Look Back: 7, Forecast Day: 2,  Period: 1d, MSE: 0.005916, MAE: 0.051267, RMSE: 0.076856, MAPE: 0.244729
2024-04-13 22:32:38,793 - INFO - Training with series_type=apartment | look_back=7 | forecast_period=3
2024-04-13 22:32:38,861 - INFO - 
**************************************************************
** CNN-Attention-BiLSTM-based
**************************************************************
2024-04-13 22:32:38,861 - INFO - LOADING  PATH 📌📌📌  ./output-cpu/electricity/hyperband/CNN-Attention-BiLSTM-based/best_params.json  📌📌📌
2024-04-13 22:32:38,861 - INFO - Best params loaded: {'lr': 0.001, 'optimizer': 'Adam', 'l1_regularizer': 1e-05, 'l2_regularizer': 0.0001, 'min_delta': 1e-08, 'patience': 45, 'batch_size': 96, 'filters': 128, 'kernel_size': 3, 'pool_size': 1, 'num_cnn_layers': 2, 'num_bilstm_layers': 2, 'bilstm_units': 150, 'dropout': 0.2, 'activation': 'ReLU', 'processing_time': '38.89 min'}
2024-04-13 22:33:24,426 - INFO - [-----MODEL METRICS-----]

2024-04-13 22:33:24,427 - INFO - [-----MSE: 0.004076-----]

2024-04-13 22:33:24,427 - INFO - [-----MAE: 0.044989-----]

2024-04-13 22:33:24,427 - INFO - [-----RMSE: 0.063438-----]

2024-04-13 22:33:24,427 - INFO - [-----MAPE: 0.209946-----]

2024-04-13 22:33:24,427 - INFO - Model: CNN-Attention-BiLSTM-based-('augmented', 'multivariate'), Look Back: 7, Forecast Day: 3,  Period: 1d, MSE: 0.004076, MAE: 0.044989, RMSE: 0.063438, MAPE: 0.209946
2024-04-13 22:33:34,881 - INFO - Training with series_type=apartment | look_back=7 | forecast_period=4
2024-04-13 22:33:34,950 - INFO - 
**************************************************************
** CNN-Attention-BiLSTM-based
**************************************************************
2024-04-13 22:33:34,950 - INFO - LOADING  PATH 📌📌📌  ./output-cpu/electricity/hyperband/CNN-Attention-BiLSTM-based/best_params.json  📌📌📌
2024-04-13 22:33:34,950 - INFO - Best params loaded: {'lr': 0.001, 'optimizer': 'Adam', 'l1_regularizer': 1e-05, 'l2_regularizer': 0.0001, 'min_delta': 1e-08, 'patience': 45, 'batch_size': 96, 'filters': 128, 'kernel_size': 3, 'pool_size': 1, 'num_cnn_layers': 2, 'num_bilstm_layers': 2, 'bilstm_units': 150, 'dropout': 0.2, 'activation': 'ReLU', 'processing_time': '38.89 min'}
2024-04-13 22:34:12,334 - INFO - [-----MODEL METRICS-----]

2024-04-13 22:34:12,335 - INFO - [-----MSE: 0.005048-----]

2024-04-13 22:34:12,335 - INFO - [-----MAE: 0.049376-----]

2024-04-13 22:34:12,335 - INFO - [-----RMSE: 0.070983-----]

2024-04-13 22:34:12,335 - INFO - [-----MAPE: 0.219161-----]

2024-04-13 22:34:12,335 - INFO - Model: CNN-Attention-BiLSTM-based-('augmented', 'multivariate'), Look Back: 7, Forecast Day: 4,  Period: 1d, MSE: 0.005048, MAE: 0.049376, RMSE: 0.070983, MAPE: 0.219161
2024-04-13 22:34:22,808 - INFO - Training with series_type=apartment | look_back=7 | forecast_period=5
2024-04-13 22:34:22,875 - INFO - 
**************************************************************
** CNN-Attention-BiLSTM-based
**************************************************************
2024-04-13 22:34:22,875 - INFO - LOADING  PATH 📌📌📌  ./output-cpu/electricity/hyperband/CNN-Attention-BiLSTM-based/best_params.json  📌📌📌
2024-04-13 22:34:22,875 - INFO - Best params loaded: {'lr': 0.001, 'optimizer': 'Adam', 'l1_regularizer': 1e-05, 'l2_regularizer': 0.0001, 'min_delta': 1e-08, 'patience': 45, 'batch_size': 96, 'filters': 128, 'kernel_size': 3, 'pool_size': 1, 'num_cnn_layers': 2, 'num_bilstm_layers': 2, 'bilstm_units': 150, 'dropout': 0.2, 'activation': 'ReLU', 'processing_time': '38.89 min'}
2024-04-13 22:34:58,311 - INFO - [-----MODEL METRICS-----]

2024-04-13 22:34:58,311 - INFO - [-----MSE: 0.005792-----]

2024-04-13 22:34:58,311 - INFO - [-----MAE: 0.053213-----]

2024-04-13 22:34:58,311 - INFO - [-----RMSE: 0.076021-----]

2024-04-13 22:34:58,311 - INFO - [-----MAPE: 0.233698-----]

2024-04-13 22:34:58,311 - INFO - Model: CNN-Attention-BiLSTM-based-('augmented', 'multivariate'), Look Back: 7, Forecast Day: 5,  Period: 1d, MSE: 0.005792, MAE: 0.053213, RMSE: 0.076021, MAPE: 0.233698
2024-04-13 22:35:08,948 - INFO - Training with series_type=apartment | look_back=7 | forecast_period=6
2024-04-13 22:35:09,015 - INFO - 
**************************************************************
** CNN-Attention-BiLSTM-based
**************************************************************
2024-04-13 22:35:09,015 - INFO - LOADING  PATH 📌📌📌  ./output-cpu/electricity/hyperband/CNN-Attention-BiLSTM-based/best_params.json  📌📌📌
2024-04-13 22:35:09,015 - INFO - Best params loaded: {'lr': 0.001, 'optimizer': 'Adam', 'l1_regularizer': 1e-05, 'l2_regularizer': 0.0001, 'min_delta': 1e-08, 'patience': 45, 'batch_size': 96, 'filters': 128, 'kernel_size': 3, 'pool_size': 1, 'num_cnn_layers': 2, 'num_bilstm_layers': 2, 'bilstm_units': 150, 'dropout': 0.2, 'activation': 'ReLU', 'processing_time': '38.89 min'}
2024-04-13 22:35:44,428 - INFO - [-----MODEL METRICS-----]

2024-04-13 22:35:44,428 - INFO - [-----MSE: 0.006875-----]

2024-04-13 22:35:44,429 - INFO - [-----MAE: 0.058052-----]

2024-04-13 22:35:44,429 - INFO - [-----RMSE: 0.082844-----]

2024-04-13 22:35:44,429 - INFO - [-----MAPE: 0.223254-----]

2024-04-13 22:35:44,429 - INFO - Model: CNN-Attention-BiLSTM-based-('augmented', 'multivariate'), Look Back: 7, Forecast Day: 6,  Period: 1d, MSE: 0.006875, MAE: 0.058052, RMSE: 0.082844, MAPE: 0.223254
2024-04-13 22:35:54,936 - INFO - Training with series_type=apartment | look_back=7 | forecast_period=7
2024-04-13 22:35:55,003 - INFO - 
**************************************************************
** CNN-Attention-BiLSTM-based
**************************************************************
2024-04-13 22:35:55,003 - INFO - LOADING  PATH 📌📌📌  ./output-cpu/electricity/hyperband/CNN-Attention-BiLSTM-based/best_params.json  📌📌📌
2024-04-13 22:35:55,003 - INFO - Best params loaded: {'lr': 0.001, 'optimizer': 'Adam', 'l1_regularizer': 1e-05, 'l2_regularizer': 0.0001, 'min_delta': 1e-08, 'patience': 45, 'batch_size': 96, 'filters': 128, 'kernel_size': 3, 'pool_size': 1, 'num_cnn_layers': 2, 'num_bilstm_layers': 2, 'bilstm_units': 150, 'dropout': 0.2, 'activation': 'ReLU', 'processing_time': '38.89 min'}
2024-04-13 22:36:31,403 - INFO - [-----MODEL METRICS-----]

2024-04-13 22:36:31,404 - INFO - [-----MSE: 0.00547-----]

2024-04-13 22:36:31,404 - INFO - [-----MAE: 0.053594-----]

2024-04-13 22:36:31,404 - INFO - [-----RMSE: 0.073835-----]

2024-04-13 22:36:31,404 - INFO - [-----MAPE: 0.225919-----]

2024-04-13 22:36:31,404 - INFO - Model: CNN-Attention-BiLSTM-based-('augmented', 'multivariate'), Look Back: 7, Forecast Day: 7,  Period: 1d, MSE: 0.00547, MAE: 0.053594, RMSE: 0.073835, MAPE: 0.225919
2024-04-13 22:36:41,888 - INFO - Training with series_type=apartment | look_back=7 | forecast_period=1
2024-04-13 22:36:41,956 - INFO - 
**************************************************************
** CNN-Attention-BiGRU-based
**************************************************************
2024-04-13 22:36:41,956 - INFO - LOADING  PATH 📌📌📌  ./output-cpu/electricity/hyperband/CNN-Attention-BiGRU-based/best_params.json  📌📌📌
2024-04-13 22:36:41,956 - INFO - Best params loaded: {'lr': 0.001, 'optimizer': 'Adam', 'l1_regularizer': 0.0001, 'l2_regularizer': 0.0001, 'min_delta': 1e-08, 'patience': 45, 'batch_size': 96, 'filters': 128, 'kernel_size': 2, 'pool_size': 1, 'num_cnn_layers': 2, 'num_bigru_layers': 2, 'bigru_units': 200, 'dropout': 0.2, 'activation': 'ReLU', 'processing_time': '39.92 min'}
2024-04-13 22:37:54,014 - INFO - [-----MODEL METRICS-----]

2024-04-13 22:37:54,015 - INFO - [-----MSE: 0.008238-----]

2024-04-13 22:37:54,015 - INFO - [-----MAE: 0.066306-----]

2024-04-13 22:37:54,015 - INFO - [-----RMSE: 0.090766-----]

2024-04-13 22:37:54,015 - INFO - [-----MAPE: 0.300593-----]

2024-04-13 22:37:54,015 - INFO - Model: CNN-Attention-BiGRU-based-('augmented', 'multivariate'), Look Back: 7, Forecast Day: 1,  Period: 1d, MSE: 0.008238, MAE: 0.066306, RMSE: 0.090766, MAPE: 0.300593
2024-04-13 22:38:04,520 - INFO - Training with series_type=apartment | look_back=7 | forecast_period=2
2024-04-13 22:38:04,588 - INFO - 
**************************************************************
** CNN-Attention-BiGRU-based
**************************************************************
2024-04-13 22:38:04,589 - INFO - LOADING  PATH 📌📌📌  ./output-cpu/electricity/hyperband/CNN-Attention-BiGRU-based/best_params.json  📌📌📌
2024-04-13 22:38:04,590 - INFO - Best params loaded: {'lr': 0.001, 'optimizer': 'Adam', 'l1_regularizer': 0.0001, 'l2_regularizer': 0.0001, 'min_delta': 1e-08, 'patience': 45, 'batch_size': 96, 'filters': 128, 'kernel_size': 2, 'pool_size': 1, 'num_cnn_layers': 2, 'num_bigru_layers': 2, 'bigru_units': 200, 'dropout': 0.2, 'activation': 'ReLU', 'processing_time': '39.92 min'}
2024-04-13 22:39:05,309 - INFO - [-----MODEL METRICS-----]

2024-04-13 22:39:05,309 - INFO - [-----MSE: 0.007503-----]

2024-04-13 22:39:05,309 - INFO - [-----MAE: 0.057849-----]

2024-04-13 22:39:05,309 - INFO - [-----RMSE: 0.08652-----]

2024-04-13 22:39:05,309 - INFO - [-----MAPE: 0.251177-----]

2024-04-13 22:39:05,309 - INFO - Model: CNN-Attention-BiGRU-based-('augmented', 'multivariate'), Look Back: 7, Forecast Day: 2,  Period: 1d, MSE: 0.007503, MAE: 0.057849, RMSE: 0.08652, MAPE: 0.251177
2024-04-13 22:39:15,758 - INFO - Training with series_type=apartment | look_back=7 | forecast_period=3
2024-04-13 22:39:15,826 - INFO - 
**************************************************************
** CNN-Attention-BiGRU-based
**************************************************************
2024-04-13 22:39:15,827 - INFO - LOADING  PATH 📌📌📌  ./output-cpu/electricity/hyperband/CNN-Attention-BiGRU-based/best_params.json  📌📌📌
2024-04-13 22:39:15,827 - INFO - Best params loaded: {'lr': 0.001, 'optimizer': 'Adam', 'l1_regularizer': 0.0001, 'l2_regularizer': 0.0001, 'min_delta': 1e-08, 'patience': 45, 'batch_size': 96, 'filters': 128, 'kernel_size': 2, 'pool_size': 1, 'num_cnn_layers': 2, 'num_bigru_layers': 2, 'bigru_units': 200, 'dropout': 0.2, 'activation': 'ReLU', 'processing_time': '39.92 min'}
2024-04-13 22:39:48,585 - INFO - [-----MODEL METRICS-----]

2024-04-13 22:39:48,585 - INFO - [-----MSE: 0.011393-----]

2024-04-13 22:39:48,585 - INFO - [-----MAE: 0.069335-----]

2024-04-13 22:39:48,586 - INFO - [-----RMSE: 0.10671-----]

2024-04-13 22:39:48,586 - INFO - [-----MAPE: 0.273191-----]

2024-04-13 22:39:48,586 - INFO - Model: CNN-Attention-BiGRU-based-('augmented', 'multivariate'), Look Back: 7, Forecast Day: 3,  Period: 1d, MSE: 0.011393, MAE: 0.069335, RMSE: 0.10671, MAPE: 0.273191
2024-04-13 22:39:59,045 - INFO - Training with series_type=apartment | look_back=7 | forecast_period=4
2024-04-13 22:39:59,112 - INFO - 
**************************************************************
** CNN-Attention-BiGRU-based
**************************************************************
2024-04-13 22:39:59,112 - INFO - LOADING  PATH 📌📌📌  ./output-cpu/electricity/hyperband/CNN-Attention-BiGRU-based/best_params.json  📌📌📌
2024-04-13 22:39:59,112 - INFO - Best params loaded: {'lr': 0.001, 'optimizer': 'Adam', 'l1_regularizer': 0.0001, 'l2_regularizer': 0.0001, 'min_delta': 1e-08, 'patience': 45, 'batch_size': 96, 'filters': 128, 'kernel_size': 2, 'pool_size': 1, 'num_cnn_layers': 2, 'num_bigru_layers': 2, 'bigru_units': 200, 'dropout': 0.2, 'activation': 'ReLU', 'processing_time': '39.92 min'}
2024-04-13 22:40:55,388 - INFO - [-----MODEL METRICS-----]

2024-04-13 22:40:55,389 - INFO - [-----MSE: 0.009666-----]

2024-04-13 22:40:55,389 - INFO - [-----MAE: 0.067176-----]

2024-04-13 22:40:55,389 - INFO - [-----RMSE: 0.098148-----]

2024-04-13 22:40:55,389 - INFO - [-----MAPE: 0.292945-----]

2024-04-13 22:40:55,389 - INFO - Model: CNN-Attention-BiGRU-based-('augmented', 'multivariate'), Look Back: 7, Forecast Day: 4,  Period: 1d, MSE: 0.009666, MAE: 0.067176, RMSE: 0.098148, MAPE: 0.292945
2024-04-13 22:41:05,862 - INFO - Training with series_type=apartment | look_back=7 | forecast_period=5
2024-04-13 22:41:05,930 - INFO - 
**************************************************************
** CNN-Attention-BiGRU-based
**************************************************************
2024-04-13 22:41:05,930 - INFO - LOADING  PATH 📌📌📌  ./output-cpu/electricity/hyperband/CNN-Attention-BiGRU-based/best_params.json  📌📌📌
2024-04-13 22:41:05,931 - INFO - Best params loaded: {'lr': 0.001, 'optimizer': 'Adam', 'l1_regularizer': 0.0001, 'l2_regularizer': 0.0001, 'min_delta': 1e-08, 'patience': 45, 'batch_size': 96, 'filters': 128, 'kernel_size': 2, 'pool_size': 1, 'num_cnn_layers': 2, 'num_bigru_layers': 2, 'bigru_units': 200, 'dropout': 0.2, 'activation': 'ReLU', 'processing_time': '39.92 min'}
2024-04-13 22:42:02,453 - INFO - [-----MODEL METRICS-----]

2024-04-13 22:42:02,454 - INFO - [-----MSE: 0.013701-----]

2024-04-13 22:42:02,454 - INFO - [-----MAE: 0.088041-----]

2024-04-13 22:42:02,454 - INFO - [-----RMSE: 0.116814-----]

2024-04-13 22:42:02,454 - INFO - [-----MAPE: 0.333682-----]

2024-04-13 22:42:02,454 - INFO - Model: CNN-Attention-BiGRU-based-('augmented', 'multivariate'), Look Back: 7, Forecast Day: 5,  Period: 1d, MSE: 0.013701, MAE: 0.088041, RMSE: 0.116814, MAPE: 0.333682
2024-04-13 22:42:12,934 - INFO - Training with series_type=apartment | look_back=7 | forecast_period=6
2024-04-13 22:42:13,003 - INFO - 
**************************************************************
** CNN-Attention-BiGRU-based
**************************************************************
2024-04-13 22:42:13,003 - INFO - LOADING  PATH 📌📌📌  ./output-cpu/electricity/hyperband/CNN-Attention-BiGRU-based/best_params.json  📌📌📌
2024-04-13 22:42:13,003 - INFO - Best params loaded: {'lr': 0.001, 'optimizer': 'Adam', 'l1_regularizer': 0.0001, 'l2_regularizer': 0.0001, 'min_delta': 1e-08, 'patience': 45, 'batch_size': 96, 'filters': 128, 'kernel_size': 2, 'pool_size': 1, 'num_cnn_layers': 2, 'num_bigru_layers': 2, 'bigru_units': 200, 'dropout': 0.2, 'activation': 'ReLU', 'processing_time': '39.92 min'}
2024-04-13 22:43:10,951 - INFO - [-----MODEL METRICS-----]

2024-04-13 22:43:10,953 - INFO - [-----MSE: 0.013269-----]

2024-04-13 22:43:10,953 - INFO - [-----MAE: 0.079639-----]

2024-04-13 22:43:10,953 - INFO - [-----RMSE: 0.114765-----]

2024-04-13 22:43:10,953 - INFO - [-----MAPE: 0.313783-----]

2024-04-13 22:43:10,953 - INFO - Model: CNN-Attention-BiGRU-based-('augmented', 'multivariate'), Look Back: 7, Forecast Day: 6,  Period: 1d, MSE: 0.013269, MAE: 0.079639, RMSE: 0.114765, MAPE: 0.313783
2024-04-13 22:43:21,429 - INFO - Training with series_type=apartment | look_back=7 | forecast_period=7
2024-04-13 22:43:21,497 - INFO - 
**************************************************************
** CNN-Attention-BiGRU-based
**************************************************************
2024-04-13 22:43:21,497 - INFO - LOADING  PATH 📌📌📌  ./output-cpu/electricity/hyperband/CNN-Attention-BiGRU-based/best_params.json  📌📌📌
2024-04-13 22:43:21,498 - INFO - Best params loaded: {'lr': 0.001, 'optimizer': 'Adam', 'l1_regularizer': 0.0001, 'l2_regularizer': 0.0001, 'min_delta': 1e-08, 'patience': 45, 'batch_size': 96, 'filters': 128, 'kernel_size': 2, 'pool_size': 1, 'num_cnn_layers': 2, 'num_bigru_layers': 2, 'bigru_units': 200, 'dropout': 0.2, 'activation': 'ReLU', 'processing_time': '39.92 min'}
2024-04-13 22:44:27,273 - INFO - [-----MODEL METRICS-----]

2024-04-13 22:44:27,274 - INFO - [-----MSE: 0.011293-----]

2024-04-13 22:44:27,274 - INFO - [-----MAE: 0.072642-----]

2024-04-13 22:44:27,274 - INFO - [-----RMSE: 0.105963-----]

2024-04-13 22:44:27,275 - INFO - [-----MAPE: 0.306836-----]

2024-04-13 22:44:27,275 - INFO - Model: CNN-Attention-BiGRU-based-('augmented', 'multivariate'), Look Back: 7, Forecast Day: 7,  Period: 1d, MSE: 0.011293, MAE: 0.072642, RMSE: 0.105963, MAPE: 0.306836
